<?xml version="1.0" encoding="UTF-8"?>
<!-- Generated by org.testng.reporters.JUnitReportReporter -->
<testsuite skipped="0" hostname="RAM-HPLaptop" name="Selpackage.Selclass" tests="1" failures="0" timestamp="2020-12-31T13:31:02 EST" time="8.028" errors="0">
  <testcase name="verifyTest" time="8.028" classname="Selpackage.Selclass"/>
</testsuite> <!-- Selpackage.Selclass -->
